2017-04-26 05:20:08 Error: [Cake\Database\Exception] SQLSTATE[42S02]: Base table or view not found: 1146 Table 'test.bookmarks' doesn't exist
Stack Trace:
#0 /Applications/MAMP/htdocs/cake3/vendor/cakephp/cakephp/src/Database/Schema/Collection.php(97): Cake\Database\Schema\Collection->_reflect('Column', 'bookmarks', Array, Object(Cake\Database\Schema\Table))
#1 /Applications/MAMP/htdocs/cake3/vendor/cakephp/cakephp/src/Database/Schema/CachedCollection.php(63): Cake\Database\Schema\Collection->describe('bookmarks', Array)
#2 /Applications/MAMP/htdocs/cake3/vendor/cakephp/cakephp/src/ORM/Table.php(440): Cake\Database\Schema\CachedCollection->describe('bookmarks')
#3 /Applications/MAMP/htdocs/cake3/vendor/cakephp/cakephp/src/ORM/Table.php(517): Cake\ORM\Table->schema()
#4 /Applications/MAMP/htdocs/cake3/vendor/cakephp/bake/src/Shell/Task/ModelTask.php(215): Cake\ORM\Table->primaryKey()
#5 /Applications/MAMP/htdocs/cake3/vendor/cakephp/bake/src/Shell/Task/ModelTask.php(127): Bake\Shell\Task\ModelTask->getAssociations(Object(Cake\ORM\Table))
#6 /Applications/MAMP/htdocs/cake3/vendor/cakephp/bake/src/Shell/Task/ModelTask.php(110): Bake\Shell\Task\ModelTask->getTableContext(Object(Cake\ORM\Table), 'bookmarks', 'Bookmarks')
#7 /Applications/MAMP/htdocs/cake3/vendor/cakephp/bake/src/Shell/Task/ModelTask.php(97): Bake\Shell\Task\ModelTask->bake('Bookmarks')
#8 /Applications/MAMP/htdocs/cake3/vendor/cakephp/bake/src/Shell/BakeShell.php(257): Bake\Shell\Task\ModelTask->main('Bookmarks')
#9 /Applications/MAMP/htdocs/cake3/vendor/cakephp/cakephp/src/Collection/CollectionTrait.php(52): Bake\Shell\BakeShell->Bake\Shell\{closure}('bookmarks', 0)
#10 /Applications/MAMP/htdocs/cake3/vendor/cakephp/bake/src/Shell/BakeShell.php(260): Cake\Collection\Collection->each(Object(Closure))
#11 [internal function]: Bake\Shell\BakeShell->all('bookmarks')
#12 /Applications/MAMP/htdocs/cake3/vendor/cakephp/cakephp/src/Console/Shell.php(458): call_user_func_array(Array, Array)
#13 /Applications/MAMP/htdocs/cake3/vendor/cakephp/cakephp/src/Console/ShellDispatcher.php(227): Cake\Console\Shell->runCommand(Array, true, Array)
#14 /Applications/MAMP/htdocs/cake3/vendor/cakephp/cakephp/src/Console/ShellDispatcher.php(182): Cake\Console\ShellDispatcher->_dispatch(Array)
#15 /Applications/MAMP/htdocs/cake3/vendor/cakephp/cakephp/src/Console/ShellDispatcher.php(128): Cake\Console\ShellDispatcher->dispatch(Array)
#16 /Applications/MAMP/htdocs/cake3/bin/cake.php(34): Cake\Console\ShellDispatcher::run(Array)
#17 {main}


